Building DAG of jobs...
Using shell: /bin/bash
Provided cores: 1 (use --cores to define parallelism)
Rules claiming more threads will be scaled down.
Job stats:
job               count    min threads    max threads
--------------  -------  -------------  -------------
all                   1              1              1
gwas                  1              1              1
manhattan             1              1              1
munge_and_ldsc        1              1              1
sumstats              1              1              1
total                 5              1              1

Select jobs to execute...

[Fri Dec  9 14:35:27 2022]
rule sumstats:
    input: data/summary_stats/AN_subset.tsv.gz, data/summary_stats/BMI_subset.tsv.gz
    output: results/AN_BMI_sumstats.log, results/Sumstats.RData
    jobid: 4
    reason: Missing output files: results/Sumstats.RData
    resources: tmpdir=/var/folders/7g/7qjhbx4d0975c50_s8v74pw00000gn/T

[Fri Dec  9 14:35:53 2022]
Finished job 4.
1 of 5 steps (20%) done
Select jobs to execute...

[Fri Dec  9 14:35:53 2022]
rule munge_and_ldsc:
    input: data/summary_stats/pgcAN2.2019-07.vcf.tsv.gz, data/summary_stats/SNP_gwas_mc_merge_nogc.tbl.uniq.gz
    output: results/LDSCoutput.RData, results/AN.sumstats.gz, results/BMI.sumstats.gz, results/BMI_munge.log, results/AN_munge.log
    jobid: 3
    reason: Missing output files: results/LDSCoutput.RData; Set of input files has changed since last execution
    resources: tmpdir=/var/folders/7g/7qjhbx4d0975c50_s8v74pw00000gn/T

[Fri Dec  9 14:39:18 2022]
Finished job 3.
2 of 5 steps (40%) done
Select jobs to execute...

[Fri Dec  9 14:39:18 2022]
rule gwas:
    input: results/LDSCoutput.RData, results/Sumstats.RData
    output: results/outputGWAS.RData
    jobid: 2
    reason: Missing output files: results/outputGWAS.RData; Input files updated by another job: results/Sumstats.RData, results/LDSCoutput.RData
    resources: tmpdir=/var/folders/7g/7qjhbx4d0975c50_s8v74pw00000gn/T

[Fri Dec  9 15:08:44 2022]
Finished job 2.
3 of 5 steps (60%) done
Select jobs to execute...

[Fri Dec  9 15:08:44 2022]
rule manhattan:
    input: results/outputGWAS.RData
    output: results/non_BMI_AN_manhattan_CHR3.pdf
    jobid: 1
    reason: Missing output files: results/non_BMI_AN_manhattan_CHR3.pdf; Input files updated by another job: results/outputGWAS.RData
    resources: tmpdir=/var/folders/7g/7qjhbx4d0975c50_s8v74pw00000gn/T

[Fri Dec  9 15:08:48 2022]
Finished job 1.
4 of 5 steps (80%) done
Select jobs to execute...

[Fri Dec  9 15:08:48 2022]
localrule all:
    input: results/non_BMI_AN_manhattan_CHR3.pdf
    jobid: 0
    reason: Input files updated by another job: results/non_BMI_AN_manhattan_CHR3.pdf
    resources: tmpdir=/var/folders/7g/7qjhbx4d0975c50_s8v74pw00000gn/T

[Fri Dec  9 15:08:48 2022]
Finished job 0.
5 of 5 steps (100%) done
Complete log: .snakemake/log/2022-12-09T143526.951893.snakemake.log
