Building DAG of jobs...
Using shell: /bin/bash
Provided cores: 1 (use --cores to define parallelism)
Rules claiming more threads will be scaled down.
Job stats:
job               count    min threads    max threads
--------------  -------  -------------  -------------
munge_and_ldsc        1              1              1
total                 1              1              1

Select jobs to execute...

[Thu Dec  8 10:30:13 2022]
rule munge_and_ldsc:
    input: data/summary_stats/AN_summary_stats_A1_A2.tsv.gz, data/summary_stats/SNP_gwas_mc_merge_nogc.tbl.uniq.gz
    output: results/LDSCoutput.RData, results/AN.sumstats.gz, results/BMI.sumstats.gz, results/BMI_munge.log, results/AN_munge.log
    jobid: 0
    reason: Missing output files: results/LDSCoutput.RData, results/BMI_munge.log, results/AN_munge.log, results/BMI.sumstats.gz, results/AN.sumstats.gz
    resources: tmpdir=/var/folders/7g/7qjhbx4d0975c50_s8v74pw00000gn/T

[Thu Dec  8 10:34:00 2022]
Finished job 0.
1 of 1 steps (100%) done
Complete log: .snakemake/log/2022-12-08T103013.144700.snakemake.log
