Building DAG of jobs...
Using shell: /bin/bash
Provided cores: 2
Rules claiming more threads will be scaled down.
Job stats:
job               count    min threads    max threads
--------------  -------  -------------  -------------
all                   1              1              1
clip_stats            1              1              1
gwas                  1              1              1
munge_and_ldsc        1              1              1
sumstats              1              1              1
total                 5              1              1

Select jobs to execute...

[Thu Dec  8 17:03:42 2022]
rule munge_and_ldsc:
    input: data/summary_stats/AN_summary_stats_A1_A2.tsv.gz, data/summary_stats/SNP_gwas_mc_merge_nogc.tbl.uniq.gz
    output: results/LDSCoutput.RData, results/AN.sumstats.gz, results/BMI.sumstats.gz, results/BMI_munge.log, results/AN_munge.log
    jobid: 2
    reason: Missing output files: results/LDSCoutput.RData
    resources: tmpdir=/var/folders/7g/7qjhbx4d0975c50_s8v74pw00000gn/T

[Thu Dec  8 17:03:42 2022]
rule clip_stats:
    input: data/summary_stats/AN_summary_stats_A1_A2.tsv.gz, data/summary_stats/SNP_gwas_mc_merge_nogc.tbl.uniq.gz
    output: data/summary_stats/AN_subset.tsv.gz, data/summary_stats/BMI_subset.tsv.gz
    jobid: 4
    reason: Missing output files: data/summary_stats/BMI_subset.tsv.gz, data/summary_stats/AN_subset.tsv.gz
    resources: tmpdir=/var/folders/7g/7qjhbx4d0975c50_s8v74pw00000gn/T

[Thu Dec  8 17:04:29 2022]
Finished job 4.
1 of 5 steps (20%) done
Select jobs to execute...

[Thu Dec  8 17:04:29 2022]
rule sumstats:
    input: data/summary_stats/AN_subset.tsv.gz, data/summary_stats/BMI_subset.tsv.gz
    output: results/AN_BMI_sumstats.log, results/Sumstats.RData
    jobid: 3
    reason: Missing output files: results/Sumstats.RData; Input files updated by another job: data/summary_stats/BMI_subset.tsv.gz, data/summary_stats/AN_subset.tsv.gz; Set of input files has changed since last execution
    resources: tmpdir=/var/folders/7g/7qjhbx4d0975c50_s8v74pw00000gn/T

[Thu Dec  8 17:05:34 2022]
Finished job 3.
2 of 5 steps (40%) done
[Thu Dec  8 17:07:35 2022]
Finished job 2.
3 of 5 steps (60%) done
Select jobs to execute...

[Thu Dec  8 17:07:35 2022]
rule gwas:
    input: results/LDSCoutput.RData, results/Sumstats.RData
    output: results/outputGWAS.RData, results/non_BMI_AN.txt
    jobid: 1
    reason: Missing output files: results/non_BMI_AN.txt; Input files updated by another job: results/Sumstats.RData, results/LDSCoutput.RData
    resources: tmpdir=/var/folders/7g/7qjhbx4d0975c50_s8v74pw00000gn/T

[Thu Dec  8 17:07:36 2022]
Error in rule gwas:
    jobid: 1
    input: results/LDSCoutput.RData, results/Sumstats.RData
    output: results/outputGWAS.RData, results/non_BMI_AN.txt

RuleException:
CalledProcessError in line 46 of /Users/karanvir/Desktop/biof501_pipeline/Snakefile:
Command 'set -euo pipefail;  Rscript --vanilla /Users/karanvir/Desktop/biof501_pipeline/.snakemake/scripts/tmpwd670mni.gwas.R' returned non-zero exit status 1.
  File "/Users/karanvir/Desktop/biof501_pipeline/Snakefile", line 46, in __rule_gwas
  File "/Users/karanvir/opt/anaconda3/envs/snakemake/lib/python3.11/concurrent/futures/thread.py", line 58, in run
Shutting down, this might take some time.
Exiting because a job execution failed. Look above for error message
Complete log: .snakemake/log/2022-12-08T170342.136191.snakemake.log
