Building DAG of jobs...
Using shell: /bin/bash
Provided cores: 1 (use --cores to define parallelism)
Rules claiming more threads will be scaled down.
Job stats:
job           count    min threads    max threads
----------  -------  -------------  -------------
clip_stats        1              1              1
total             1              1              1

Select jobs to execute...

[Thu Dec  8 17:01:06 2022]
rule clip_stats:
    input: data/summary_stats/AN_summary_stats_A1_A2.tsv.gz, data/summary_stats/SNP_gwas_mc_merge_nogc.tbl.uniq.gz
    output: data/summary_stats/AN_subset.tsv.gz, data/summary_stats/BMI_subset.tsv.gz
    jobid: 0
    reason: Forced execution
    resources: tmpdir=/var/folders/7g/7qjhbx4d0975c50_s8v74pw00000gn/T

[Thu Dec  8 17:01:45 2022]
Finished job 0.
1 of 1 steps (100%) done
Complete log: .snakemake/log/2022-12-08T170106.533393.snakemake.log
