Building DAG of jobs...
Using shell: /bin/bash
Provided cores: 1 (use --cores to define parallelism)
Rules claiming more threads will be scaled down.
Job stats:
job           count    min threads    max threads
----------  -------  -------------  -------------
all               1              1              1
clip_stats        1              1              1
gwas              1              1              1
sumstats          1              1              1
total             4              1              1

Select jobs to execute...

[Fri Dec  9 10:36:22 2022]
rule clip_stats:
    input: data/summary_stats/AN_summary_stats_A1_A2.tsv.gz, data/summary_stats/SNP_gwas_mc_merge_nogc.tbl.uniq.gz
    output: data/summary_stats/AN_subset.tsv.gz, data/summary_stats/BMI_subset.tsv.gz
    jobid: 3
    reason: Missing output files: data/summary_stats/AN_subset.tsv.gz, data/summary_stats/BMI_subset.tsv.gz
    resources: tmpdir=/var/folders/7g/7qjhbx4d0975c50_s8v74pw00000gn/T

[Fri Dec  9 10:37:01 2022]
Error in rule clip_stats:
    jobid: 3
    input: data/summary_stats/AN_summary_stats_A1_A2.tsv.gz, data/summary_stats/SNP_gwas_mc_merge_nogc.tbl.uniq.gz
    output: data/summary_stats/AN_subset.tsv.gz, data/summary_stats/BMI_subset.tsv.gz

RuleException:
CalledProcessError in line 13 of /Users/karanvir/Desktop/biof501_pipeline/Snakefile:
Command 'set -euo pipefail;  Rscript --vanilla /Users/karanvir/Desktop/biof501_pipeline/.snakemake/scripts/tmpgixk30rr.clip_stats.R' returned non-zero exit status 1.
  File "/Users/karanvir/Desktop/biof501_pipeline/Snakefile", line 13, in __rule_clip_stats
  File "/Users/karanvir/opt/anaconda3/envs/snakemake/lib/python3.11/concurrent/futures/thread.py", line 58, in run
Shutting down, this might take some time.
Exiting because a job execution failed. Look above for error message
Complete log: .snakemake/log/2022-12-09T103622.446120.snakemake.log
