Building DAG of jobs...
Using shell: /bin/bash
Provided cores: 1 (use --cores to define parallelism)
Rules claiming more threads will be scaled down.
Job stats:
job           count    min threads    max threads
----------  -------  -------------  -------------
clip_stats        1              1              1
total             1              1              1

Select jobs to execute...

[Thu Dec  8 11:47:52 2022]
rule clip_stats:
    input: data/summary_stats/AN_summary_stats_A1_A2.tsv.gz, data/summary_stats/SNP_gwas_mc_merge_nogc.tbl.uniq.gz
    output: data/summary_stats/AN_subset.tsv.gz, data/summary_stats/BMI.subset.tsv.gz
    jobid: 0
    reason: Missing output files: data/summary_stats/BMI.subset.tsv.gz, data/summary_stats/AN_subset.tsv.gz
    resources: tmpdir=/var/folders/7g/7qjhbx4d0975c50_s8v74pw00000gn/T

[Thu Dec  8 11:48:23 2022]
Error in rule clip_stats:
    jobid: 0
    input: data/summary_stats/AN_summary_stats_A1_A2.tsv.gz, data/summary_stats/SNP_gwas_mc_merge_nogc.tbl.uniq.gz
    output: data/summary_stats/AN_subset.tsv.gz, data/summary_stats/BMI.subset.tsv.gz

RuleException:
CalledProcessError in line 9 of /Users/karanvir/Desktop/biof501_pipeline/Snakefile:
Command 'set -euo pipefail;  Rscript --vanilla /Users/karanvir/Desktop/biof501_pipeline/.snakemake/scripts/tmph4es_6g_.clip_stats.R' returned non-zero exit status 1.
  File "/Users/karanvir/Desktop/biof501_pipeline/Snakefile", line 9, in __rule_clip_stats
  File "/Users/karanvir/opt/anaconda3/envs/snakemake/lib/python3.11/concurrent/futures/thread.py", line 58, in run
Shutting down, this might take some time.
Exiting because a job execution failed. Look above for error message
Complete log: .snakemake/log/2022-12-08T114752.581097.snakemake.log
