Building DAG of jobs...
Using shell: /bin/bash
Provided cores: 1 (use --cores to define parallelism)
Rules claiming more threads will be scaled down.
Job stats:
job               count    min threads    max threads
--------------  -------  -------------  -------------
all                   1              1              1
clip_stats            1              1              1
gwas                  1              1              1
manhattan             1              1              1
munge_and_ldsc        1              1              1
sumstats              1              1              1
total                 6              1              1

Select jobs to execute...

[Fri Dec  9 14:34:06 2022]
rule clip_stats:
    input: data/summary_stats/pgcAN2.2019-07.vcf.tsv.gz, data/summary_stats/SNP_gwas_mc_merge_nogc.tbl.uniq.gz
    output: data/summary_stats/AN_subset.tsv.gz, data/summary_stats/BMI_subset.tsv.gz
    jobid: 5
    reason: Missing output files: data/summary_stats/BMI_subset.tsv.gz, data/summary_stats/AN_subset.tsv.gz
    resources: tmpdir=/var/folders/7g/7qjhbx4d0975c50_s8v74pw00000gn/T

[Fri Dec  9 14:34:57 2022]
Finished job 5.
1 of 6 steps (17%) done
Select jobs to execute...

[Fri Dec  9 14:34:57 2022]
rule sumstats:
    input: data/summary_stats/AN_subset.tsv.gz, data/summary_stats/BMI_subset.tsv.gz
    output: results/AN_BMI_sumstats.log, results/Sumstats.RData
    jobid: 4
    reason: Missing output files: results/Sumstats.RData; Input files updated by another job: data/summary_stats/BMI_subset.tsv.gz, data/summary_stats/AN_subset.tsv.gz
    resources: tmpdir=/var/folders/7g/7qjhbx4d0975c50_s8v74pw00000gn/T

[Fri Dec  9 14:34:58 2022]
Error in rule sumstats:
    jobid: 4
    input: data/summary_stats/AN_subset.tsv.gz, data/summary_stats/BMI_subset.tsv.gz
    output: results/AN_BMI_sumstats.log, results/Sumstats.RData

RuleException:
CalledProcessError in line 36 of /Users/karanvir/Desktop/biof501_pipeline/Snakefile:
Command 'set -euo pipefail;  Rscript --vanilla /Users/karanvir/Desktop/biof501_pipeline/.snakemake/scripts/tmppmyxpixd.sumstats.R' returned non-zero exit status 1.
  File "/Users/karanvir/Desktop/biof501_pipeline/Snakefile", line 36, in __rule_sumstats
  File "/Users/karanvir/opt/anaconda3/envs/snakemake/lib/python3.11/concurrent/futures/thread.py", line 58, in run
Shutting down, this might take some time.
Exiting because a job execution failed. Look above for error message
Complete log: .snakemake/log/2022-12-09T143406.061412.snakemake.log
