Building DAG of jobs...
Using shell: /bin/bash
Provided cores: 1 (use --cores to define parallelism)
Rules claiming more threads will be scaled down.
Job stats:
job               count    min threads    max threads
--------------  -------  -------------  -------------
munge_and_ldsc        1              1              1
sumstats              1              1              1
total                 2              1              1

Select jobs to execute...

[Thu Dec  8 11:07:38 2022]
rule sumstats:
    input: data/summary_stats/AN_summary_stats_A1_A2.tsv.gz, data/summary_stats/SNP_gwas_mc_merge_nogc.tbl.uniq.gz
    output: results/AN_BMI_sumstats.log, results/Sumstats.RData
    jobid: 0
    reason: Forced execution
    resources: tmpdir=/var/folders/7g/7qjhbx4d0975c50_s8v74pw00000gn/T

[Thu Dec  8 11:07:40 2022]
Error in rule sumstats:
    jobid: 0
    input: data/summary_stats/AN_summary_stats_A1_A2.tsv.gz, data/summary_stats/SNP_gwas_mc_merge_nogc.tbl.uniq.gz
    output: results/AN_BMI_sumstats.log, results/Sumstats.RData

RuleException:
CalledProcessError in line 22 of /Users/karanvir/Desktop/biof501_pipeline/Snakefile:
Command 'set -euo pipefail;  Rscript --vanilla /Users/karanvir/Desktop/biof501_pipeline/.snakemake/scripts/tmp4rgdwjgp.sumstats.R' returned non-zero exit status 1.
  File "/Users/karanvir/Desktop/biof501_pipeline/Snakefile", line 22, in __rule_sumstats
  File "/Users/karanvir/opt/anaconda3/envs/snakemake/lib/python3.11/concurrent/futures/thread.py", line 58, in run
Shutting down, this might take some time.
Exiting because a job execution failed. Look above for error message
Complete log: .snakemake/log/2022-12-08T110738.655543.snakemake.log
