Building DAG of jobs...
Using shell: /bin/bash
Provided cores: 2
Rules claiming more threads will be scaled down.
Job stats:
job          count    min threads    max threads
---------  -------  -------------  -------------
all              1              1              1
gwas             1              1              1
manhattan        1              1              1
total            3              1              1

Select jobs to execute...

[Fri Dec  9 11:20:17 2022]
rule gwas:
    input: results/LDSCoutput.RData, results/Sumstats.RData
    output: results/outputGWAS.RData, results/non_BMI_AN.txt
    jobid: 0
    reason: Forced execution
    resources: tmpdir=/var/folders/7g/7qjhbx4d0975c50_s8v74pw00000gn/T

[Fri Dec  9 11:55:42 2022]
Error in rule gwas:
    jobid: 0
    input: results/LDSCoutput.RData, results/Sumstats.RData
    output: results/outputGWAS.RData, results/non_BMI_AN.txt

RuleException:
CalledProcessError in line 46 of /Users/karanvir/Desktop/biof501_pipeline/Snakefile:
Command 'set -euo pipefail;  Rscript --vanilla /Users/karanvir/Desktop/biof501_pipeline/.snakemake/scripts/tmp49u5im07.gwas.R' returned non-zero exit status 1.
  File "/Users/karanvir/Desktop/biof501_pipeline/Snakefile", line 46, in __rule_gwas
  File "/Users/karanvir/opt/anaconda3/envs/snakemake/lib/python3.11/concurrent/futures/thread.py", line 58, in run
Removing output files of failed job gwas since they might be corrupted:
results/outputGWAS.RData
Shutting down, this might take some time.
Exiting because a job execution failed. Look above for error message
Complete log: .snakemake/log/2022-12-09T112017.111155.snakemake.log
