Building DAG of jobs...
Using shell: /bin/bash
Provided cores: 1 (use --cores to define parallelism)
Rules claiming more threads will be scaled down.
Job stats:
job               count    min threads    max threads
--------------  -------  -------------  -------------
munge_and_ldsc        1              1              1
total                 1              1              1

Select jobs to execute...

[Wed Dec  7 21:26:52 2022]
rule munge_and_ldsc:
    input: data/summary_stats/pgcAN2.2019-07.vcf.tsv.gz, data/summary_stats/SNP_gwas_mc_merge_nogc.tbl.uniq.gz
    output: results/LDSCoutput.RData, results/AN.sumstats.gz, results/BMI.sumstats.gz, results/BMI_munge.log, results/AN_munge.log
    jobid: 0
    reason: Missing output files: results/AN_munge.log, results/BMI_munge.log, results/AN.sumstats.gz, results/LDSCoutput.RData, results/BMI.sumstats.gz
    resources: tmpdir=/var/folders/7g/7qjhbx4d0975c50_s8v74pw00000gn/T

[Wed Dec  7 21:27:24 2022]
Error in rule munge_and_ldsc:
    jobid: 0
    input: data/summary_stats/pgcAN2.2019-07.vcf.tsv.gz, data/summary_stats/SNP_gwas_mc_merge_nogc.tbl.uniq.gz
    output: results/LDSCoutput.RData, results/AN.sumstats.gz, results/BMI.sumstats.gz, results/BMI_munge.log, results/AN_munge.log

RuleException:
CalledProcessError in line 12 of /Users/karanvir/Desktop/biof501_pipeline/Snakefile:
Command 'set -euo pipefail;  Rscript --vanilla /Users/karanvir/Desktop/biof501_pipeline/.snakemake/scripts/tmpa7tke519.munge_and_ldsc.R' returned non-zero exit status 1.
  File "/Users/karanvir/Desktop/biof501_pipeline/Snakefile", line 12, in __rule_munge_and_ldsc
  File "/Users/karanvir/opt/anaconda3/envs/snakemake/lib/python3.11/concurrent/futures/thread.py", line 58, in run
Shutting down, this might take some time.
Exiting because a job execution failed. Look above for error message
Complete log: .snakemake/log/2022-12-07T212652.214934.snakemake.log
