Building DAG of jobs...
Using shell: /bin/bash
Provided cores: 1 (use --cores to define parallelism)
Rules claiming more threads will be scaled down.
Job stats:
job          count    min threads    max threads
---------  -------  -------------  -------------
all              1              1              1
manhattan        1              1              1
total            2              1              1

Select jobs to execute...

[Fri Dec  9 12:39:44 2022]
rule manhattan:
    input: results/outputGWAS.RData
    output: results/non_BMI_AN_manhattan_CHR3.pdf
    jobid: 1
    reason: Missing output files: results/non_BMI_AN_manhattan_CHR3.pdf
    resources: tmpdir=/var/folders/7g/7qjhbx4d0975c50_s8v74pw00000gn/T

[Fri Dec  9 12:39:48 2022]
Finished job 1.
1 of 2 steps (50%) done
Select jobs to execute...

[Fri Dec  9 12:39:48 2022]
localrule all:
    input: results/non_BMI_AN_manhattan_CHR3.pdf
    jobid: 0
    reason: Input files updated by another job: results/non_BMI_AN_manhattan_CHR3.pdf
    resources: tmpdir=/var/folders/7g/7qjhbx4d0975c50_s8v74pw00000gn/T

[Fri Dec  9 12:39:48 2022]
Finished job 0.
2 of 2 steps (100%) done
Complete log: .snakemake/log/2022-12-09T123944.162746.snakemake.log
